TN:
SF:src/array/index.js
FN:1,getArray
FN:5,joinArray
FN:9,(anonymous_2)
FNF:3
FNH:0
FNDA:0,getArray
FNDA:0,joinArray
FNDA:0,(anonymous_2)
DA:2,0
DA:6,0
DA:8,0
DA:9,0
DA:12,0
LF:5
LH:0
BRDA:1,0,0,0
BRDA:2,1,0,0
BRDA:2,1,1,0
BRDA:5,2,0,0
BRDA:5,3,0,0
BRDA:5,4,0,0
BRDA:8,5,0,0
BRDA:8,5,1,0
BRDA:9,6,0,0
BRDA:9,6,1,0
BRF:10
BRH:0
end_of_record
TN:
SF:src/number/index.js
FN:1,getNumber
FNF:1
FNH:1
FNDA:2,getNumber
DA:2,2
LF:1
LH:1
BRDA:1,0,0,2
BRDA:2,1,0,1
BRDA:2,1,1,1
BRDA:2,2,0,2
BRDA:2,2,1,1
BRF:5
BRH:5
end_of_record
TN:
SF:src/object/index.js
FN:1,isObject
FN:5,getObject
FNF:2
FNH:0
FNDA:0,isObject
FNDA:0,getObject
DA:2,0
DA:6,0
LF:2
LH:0
BRDA:5,0,0,0
BRDA:6,1,0,0
BRDA:6,1,1,0
BRF:3
BRH:0
end_of_record
TN:
SF:src/parse/index.js
FN:1,tryParse
FNF:1
FNH:0
FNDA:0,tryParse
DA:2,0
DA:3,0
DA:5,0
LF:3
LH:0
BRDA:1,0,0,0
BRF:1
BRH:0
end_of_record
TN:
SF:src/string/index.js
FN:1,getString
FN:5,splitString
FNF:2
FNH:0
FNDA:0,getString
FNDA:0,splitString
DA:2,0
DA:6,0
DA:7,0
DA:9,0
LF:4
LH:0
BRDA:1,0,0,0
BRDA:2,1,0,0
BRDA:2,1,1,0
BRDA:5,2,0,0
BRDA:5,3,0,0
BRDA:5,4,0,0
BRDA:7,5,0,0
BRDA:7,5,1,0
BRF:8
BRH:0
end_of_record
TN:
SF:src/tree/index.js
FN:8,(anonymous_0)
FN:17,(anonymous_1)
FN:34,(anonymous_2)
FN:49,(anonymous_3)
FN:56,(anonymous_4)
FN:70,(anonymous_5)
FN:90,(anonymous_6)
FN:119,(anonymous_7)
FN:121,(anonymous_8)
FN:131,(anonymous_9)
FN:154,(anonymous_10)
FN:156,(anonymous_11)
FN:163,(anonymous_12)
FN:163,(anonymous_13)
FN:168,(anonymous_14)
FN:178,(anonymous_15)
FN:221,(anonymous_16)
FN:224,(anonymous_17)
FNF:18
FNH:0
FNDA:0,(anonymous_0)
FNDA:0,(anonymous_1)
FNDA:0,(anonymous_2)
FNDA:0,(anonymous_3)
FNDA:0,(anonymous_4)
FNDA:0,(anonymous_5)
FNDA:0,(anonymous_6)
FNDA:0,(anonymous_7)
FNDA:0,(anonymous_8)
FNDA:0,(anonymous_9)
FNDA:0,(anonymous_10)
FNDA:0,(anonymous_11)
FNDA:0,(anonymous_12)
FNDA:0,(anonymous_13)
FNDA:0,(anonymous_14)
FNDA:0,(anonymous_15)
FNDA:0,(anonymous_16)
FNDA:0,(anonymous_17)
DA:8,0
DA:10,0
DA:12,0
DA:13,0
DA:16,0
DA:17,0
DA:19,0
DA:23,0
DA:25,0
DA:28,0
DA:30,0
DA:32,0
DA:33,0
DA:34,0
DA:35,0
DA:45,0
DA:49,0
DA:50,0
DA:52,0
DA:53,0
DA:55,0
DA:56,0
DA:58,0
DA:61,0
DA:63,0
DA:64,0
DA:67,0
DA:70,0
DA:72,0
DA:74,0
DA:75,0
DA:78,0
DA:79,0
DA:80,0
DA:86,0
DA:90,0
DA:91,0
DA:93,0
DA:94,0
DA:96,0
DA:98,0
DA:99,0
DA:101,0
DA:104,0
DA:105,0
DA:106,0
DA:107,0
DA:109,0
DA:110,0
DA:111,0
DA:115,0
DA:119,0
DA:121,0
DA:126,0
DA:128,0
DA:129,0
DA:131,0
DA:132,0
DA:134,0
DA:136,0
DA:140,0
DA:141,0
DA:151,0
DA:154,0
DA:155,0
DA:156,0
DA:157,0
DA:158,0
DA:160,0
DA:163,0
DA:164,0
DA:166,0
DA:167,0
DA:168,0
DA:169,0
DA:175,0
DA:176,0
DA:177,0
DA:178,0
DA:179,0
DA:181,0
DA:183,0
DA:184,0
DA:186,0
DA:187,0
DA:188,0
DA:190,0
DA:192,0
DA:197,0
DA:198,0
DA:199,0
DA:201,0
DA:202,0
DA:203,0
DA:204,0
DA:205,0
DA:206,0
DA:211,0
DA:217,0
DA:221,0
DA:222,0
DA:225,0
LF:102
LH:0
BRDA:8,0,0,0
BRDA:8,1,0,0
BRDA:10,2,0,0
BRDA:10,2,1,0
BRDA:13,3,0,0
BRDA:13,3,1,0
BRDA:28,4,0,0
BRDA:28,4,1,0
BRDA:30,5,0,0
BRDA:30,5,1,0
BRDA:32,6,0,0
BRDA:32,6,1,0
BRDA:32,7,0,0
BRDA:32,7,1,0
BRDA:49,8,0,0
BRDA:49,9,0,0
BRDA:50,10,0,0
BRDA:50,10,1,0
BRDA:53,11,0,0
BRDA:53,11,1,0
BRDA:67,12,0,0
BRDA:67,12,1,0
BRDA:68,13,0,0
BRDA:68,13,1,0
BRDA:68,13,2,0
BRDA:72,14,0,0
BRDA:72,14,1,0
BRDA:79,15,0,0
BRDA:79,15,1,0
BRDA:90,16,0,0
BRDA:90,17,0,0
BRDA:91,18,0,0
BRDA:91,18,1,0
BRDA:94,19,0,0
BRDA:94,19,1,0
BRDA:106,20,0,0
BRDA:106,20,1,0
BRDA:107,21,0,0
BRDA:107,21,1,0
BRDA:121,22,0,0
BRDA:122,23,0,0
BRDA:123,24,0,0
BRDA:126,25,0,0
BRDA:126,25,1,0
BRDA:129,26,0,0
BRDA:129,26,1,0
BRDA:132,27,0,0
BRDA:132,27,1,0
BRDA:134,28,0,0
BRDA:134,28,1,0
BRDA:141,29,0,0
BRDA:141,29,1,0
BRDA:158,30,0,0
BRDA:158,30,1,0
BRDA:163,31,0,0
BRDA:163,32,0,0
BRDA:164,33,0,0
BRDA:164,33,1,0
BRDA:167,34,0,0
BRDA:167,34,1,0
BRDA:168,35,0,0
BRDA:168,36,0,0
BRDA:179,37,0,0
BRDA:179,37,1,0
BRDA:186,38,0,0
BRDA:186,38,1,0
BRDA:187,39,0,0
BRDA:187,39,1,0
BRDA:201,40,0,0
BRDA:201,40,1,0
BRDA:203,41,0,0
BRDA:203,41,1,0
BRF:72
BRH:0
end_of_record
